<?xml version="1.0" encoding="UTF-8"?>
<!-- Generated by org.testng.reporters.JUnitReportReporter -->
<testsuite skipped="0" hostname="DESKTOP-5FCAB7O" name="com.inetbanking.testCases.TC_LoginTest_001" tests="1" failures="0" timestamp="04 Sep 2019 07:06:51 GMT" time="2.381" errors="0">
  <testcase name="loginTest" time="2.381" classname="com.inetbanking.testCases.TC_LoginTest_001"/>
</testsuite> <!-- com.inetbanking.testCases.TC_LoginTest_001 -->
