<?xml version="1.0" encoding="UTF-8"?>
<!-- Generated by org.testng.reporters.JUnitReportReporter -->
<testsuite hostname="DESKTOP-5FCAB7O" failures="0" tests="1" name="com.inetbanking.testCases.TC_AddCustomerTest_003" time="16.499" errors="0" timestamp="03 Sep 2019 02:29:54 GMT" skipped="0">
  <testcase classname="com.inetbanking.testCases.TC_AddCustomerTest_003" name="addNewCustomer" time="16.499"/>
</testsuite> <!-- com.inetbanking.testCases.TC_AddCustomerTest_003 -->
